MPASM  5.20                      ROBERTO1.ASM   12-22-2008  17:11:52         PAGE  1


LOC  OBJECT CODE     LINE SOURCE TEXT
  VALUE

                      00001 #include <p16f877a.inc> 
                      00001         LIST
                      00002 ; P16F877A.INC  Standard Header File, Version 1.00    Microchip Technology, Inc.
                      00400         LIST
                      00002 
Warning[205]: Found directive in column 1. (CBLOCK)
                      00003 CBLOCK 0X20
  00000020            00004         decremento0
  00000021            00005         decremento1
  00000022            00006         decremento2
  00000023            00007         decremento3
                      00008 
  00000024            00009         decremento4
  00000025            00010         decremento5
  00000026            00011         decremento6
  00000027            00012         decremento7
                      00013         ENDC
                      00014 
0000                  00015         ORG     0x0
0000   2809           00016         goto    INICIO
0004                  00017         ORG 0x4
0004   1C8B           00018         btfss   INTCON,1
0005   0009           00019         retfie
0006   0A85           00020         incf    PORTA,1
0007   108B           00021         bcf             INTCON,1
0008   0009           00022         retfie
                      00023         
0009                  00024 INICIO
                      00025 
0009   1683           00026         bsf             STATUS,RP0      ;Me ubico en el banco 1 de la memoria
Message[302]: Register in operand not in bank 0.  Ensure that bank bits are correct.
000A   0185           00027         clrf    TRISA           ;PUERTO COMO SALIDA
000B   3000           00028         movlw   b'00000000'
Message[302]: Register in operand not in bank 0.  Ensure that bank bits are correct.
000C   0086           00029         movwf   TRISB           ;PUERTO COMO SALIDA Y RB0 COMO ENTRADA
Message[302]: Register in operand not in bank 0.  Ensure that bank bits are correct.
000D   0187           00030         clrf    TRISC           ;PUERTO COMO SALIDA             
Message[302]: Register in operand not in bank 0.  Ensure that bank bits are correct.
000E   0188           00031         clrf    TRISD
Message[302]: Register in operand not in bank 0.  Ensure that bank bits are correct.
000F   0189           00032         clrf    TRISE
0010   3040           00033         movlw   b'01000000'
Message[302]: Register in operand not in bank 0.  Ensure that bank bits are correct.
0011   0081           00034         movwf   OPTION_REG
0012   1283           00035         bcf             STATUS,RP0
0013   0187           00036         clrf    PORTC
0014   1007           00037         bcf             PORTC,0
0015   160B           00038         bsf             INTCON,4
0016   158B           00039         bsf             INTCON,3
0017   178B           00040         bsf             INTCON,7                ; capacitores de 15pf para 100Khz
                      00041 
                      00042 
0018                  00043 MAIN
MPASM  5.20                      ROBERTO1.ASM   12-22-2008  17:11:52         PAGE  2


LOC  OBJECT CODE     LINE SOURCE TEXT
  VALUE

0018   0064           00044         clrwdt
                      00045 
0019   30F0           00046         movlw 0xF0;
001A   00A4           00047         movwf decremento4;
001B                  00048 looop3
001B   30F0           00049         movlw 0xF0;
001C   00A5           00050         movwf decremento5;
001D                  00051 looop2
001D   30F0           00052         movlw 0xF0;
001E   00A6           00053         movwf decremento6;
001F                  00054 looop1
001F   30FF           00055         movlw 0xFF;
0020   00A7           00056         movwf decremento7;
                      00057         
0021                  00058 looop0  
0021   0064           00059         clrwdt  
0022   0BA4           00060         decfsz decremento4,1
0023   2821           00061         goto looop0
                      00062                 
0024   0BA5           00063         decfsz decremento5,1
0025   281F           00064         goto looop1
                      00065 
0026   1488           00066         bsf             PORTD,1
                      00067 
0027   30F0           00068         movlw 0xF0;
0028   00A4           00069         movwf decremento4
0029                  00070 loooop3
0029   30F0           00071         movlw 0xF0;
002A   00A5           00072         movwf decremento5
002B                  00073 loooop2
002B   30F0           00074         movlw 0xF0;
002C   00A6           00075         movwf decremento6
002D                  00076 loooop1
002D   30FF           00077         movlw 0xFF;
002E   00A7           00078         movwf decremento7
                      00079         
002F                  00080 loooop0 
                      00081         ;clrwdt 
002F   0BA4           00082         decfsz decremento4,1
0030   282F           00083         goto loooop0
                      00084                 
0031   0BA5           00085         decfsz decremento5,1
0032   282D           00086         goto loooop1
                      00087                 
0033   1088           00088         bcf             PORTD,1
                      00089 
                      00090         
0034   2818           00091         GOTO MAIN
                      00092         END
MPASM  5.20                      ROBERTO1.ASM   12-22-2008  17:11:52         PAGE  3


SYMBOL TABLE
  LABEL                             VALUE 

ACKDT                             00000005
ACKEN                             00000004
ACKSTAT                           00000006
ADCON0                            0000001F
ADCON1                            0000009F
ADCS0                             00000006
ADCS1                             00000007
ADCS2                             00000006
ADDEN                             00000003
ADFM                              00000007
ADIE                              00000006
ADIF                              00000006
ADON                              00000000
ADRESH                            0000001E
ADRESL                            0000009E
BCLIE                             00000003
BCLIF                             00000003
BF                                00000000
BRGH                              00000002
C                                 00000000
C1INV                             00000004
C1OUT                             00000006
C2INV                             00000005
C2OUT                             00000007
CCP1CON                           00000017
CCP1IE                            00000002
CCP1IF                            00000002
CCP1M0                            00000000
CCP1M1                            00000001
CCP1M2                            00000002
CCP1M3                            00000003
CCP1X                             00000005
CCP1Y                             00000004
CCP2CON                           0000001D
CCP2IE                            00000000
CCP2IF                            00000000
CCP2M0                            00000000
CCP2M1                            00000001
CCP2M2                            00000002
CCP2M3                            00000003
CCP2X                             00000005
CCP2Y                             00000004
CCPR1H                            00000016
CCPR1L                            00000015
CCPR2H                            0000001C
CCPR2L                            0000001B
CHS0                              00000003
CHS1                              00000004
CHS2                              00000005
CIS                               00000003
CKE                               00000006
CKP                               00000004
CM0                               00000000
MPASM  5.20                      ROBERTO1.ASM   12-22-2008  17:11:52         PAGE  4


SYMBOL TABLE
  LABEL                             VALUE 

CM1                               00000001
CM2                               00000002
CMCON                             0000009C
CMIE                              00000006
CMIF                              00000006
CREN                              00000004
CSRC                              00000007
CVR0                              00000000
CVR1                              00000001
CVR2                              00000002
CVR3                              00000003
CVRCON                            0000009D
CVREN                             00000007
CVROE                             00000006
CVRR                              00000005
D                                 00000005
DATA_ADDRESS                      00000005
DC                                00000001
D_A                               00000005
EEADR                             0000010D
EEADRH                            0000010F
EECON1                            0000018C
EECON2                            0000018D
EEDATA                            0000010C
EEDATH                            0000010E
EEIE                              00000004
EEIF                              00000004
EEPGD                             00000007
F                                 00000001
FERR                              00000002
FSR                               00000004
GCEN                              00000007
GIE                               00000007
GO                                00000002
GO_DONE                           00000002
I2C_DATA                          00000005
I2C_READ                          00000002
I2C_START                         00000003
I2C_STOP                          00000004
IBF                               00000007
IBOV                              00000005
INDF                              00000000
INICIO                            00000009
INTCON                            0000000B
INTE                              00000004
INTEDG                            00000006
INTF                              00000001
IRP                               00000007
MAIN                              00000018
NOT_A                             00000005
NOT_ADDRESS                       00000005
NOT_BO                            00000000
NOT_BOR                           00000000
MPASM  5.20                      ROBERTO1.ASM   12-22-2008  17:11:52         PAGE  5


SYMBOL TABLE
  LABEL                             VALUE 

NOT_DONE                          00000002
NOT_PD                            00000003
NOT_POR                           00000001
NOT_RBPU                          00000007
NOT_RC8                           00000006
NOT_T1SYNC                        00000002
NOT_TO                            00000004
NOT_TX8                           00000006
NOT_W                             00000002
NOT_WRITE                         00000002
OBF                               00000006
OERR                              00000001
OPTION_REG                        00000081
P                                 00000004
PCFG0                             00000000
PCFG1                             00000001
PCFG2                             00000002
PCFG3                             00000003
PCL                               00000002
PCLATH                            0000000A
PCON                              0000008E
PEIE                              00000006
PEN                               00000002
PIE1                              0000008C
PIE2                              0000008D
PIR1                              0000000C
PIR2                              0000000D
PORTA                             00000005
PORTB                             00000006
PORTC                             00000007
PORTD                             00000008
PORTE                             00000009
PR2                               00000092
PS0                               00000000
PS1                               00000001
PS2                               00000002
PSA                               00000003
PSPIE                             00000007
PSPIF                             00000007
PSPMODE                           00000004
R                                 00000002
RBIE                              00000003
RBIF                              00000000
RC8_9                             00000006
RC9                               00000006
RCD8                              00000000
RCEN                              00000003
RCIE                              00000005
RCIF                              00000005
RCREG                             0000001A
RCSTA                             00000018
RD                                00000000
READ_WRITE                        00000002
MPASM  5.20                      ROBERTO1.ASM   12-22-2008  17:11:52         PAGE  6


SYMBOL TABLE
  LABEL                             VALUE 

RP0                               00000005
RP1                               00000006
RSEN                              00000001
RX9                               00000006
RX9D                              00000000
R_W                               00000002
S                                 00000003
SEN                               00000000
SMP                               00000007
SPBRG                             00000099
SPEN                              00000007
SREN                              00000005
SSPADD                            00000093
SSPBUF                            00000013
SSPCON                            00000014
SSPCON2                           00000091
SSPEN                             00000005
SSPIE                             00000003
SSPIF                             00000003
SSPM0                             00000000
SSPM1                             00000001
SSPM2                             00000002
SSPM3                             00000003
SSPOV                             00000006
SSPSTAT                           00000094
STATUS                            00000003
SYNC                              00000004
T0CS                              00000005
T0IE                              00000005
T0IF                              00000002
T0SE                              00000004
T1CKPS0                           00000004
T1CKPS1                           00000005
T1CON                             00000010
T1INSYNC                          00000002
T1OSCEN                           00000003
T1SYNC                            00000002
T2CKPS0                           00000000
T2CKPS1                           00000001
T2CON                             00000012
TMR0                              00000001
TMR0IE                            00000005
TMR0IF                            00000002
TMR1CS                            00000001
TMR1H                             0000000F
TMR1IE                            00000000
TMR1IF                            00000000
TMR1L                             0000000E
TMR1ON                            00000000
TMR2                              00000011
TMR2IE                            00000001
TMR2IF                            00000001
TMR2ON                            00000002
MPASM  5.20                      ROBERTO1.ASM   12-22-2008  17:11:52         PAGE  7


SYMBOL TABLE
  LABEL                             VALUE 

TOUTPS0                           00000003
TOUTPS1                           00000004
TOUTPS2                           00000005
TOUTPS3                           00000006
TRISA                             00000085
TRISB                             00000086
TRISC                             00000087
TRISD                             00000088
TRISE                             00000089
TRISE0                            00000000
TRISE1                            00000001
TRISE2                            00000002
TRMT                              00000001
TX8_9                             00000006
TX9                               00000006
TX9D                              00000000
TXD8                              00000000
TXEN                              00000005
TXIE                              00000004
TXIF                              00000004
TXREG                             00000019
TXSTA                             00000098
UA                                00000001
W                                 00000000
WCOL                              00000007
WR                                00000001
WREN                              00000002
WRERR                             00000003
Z                                 00000002
_BODEN_OFF                        00003FBF
_BODEN_ON                         00003FFF
_CPD_OFF                          00003FFF
_CPD_ON                           00003EFF
_CP_ALL                           00001FFF
_CP_OFF                           00003FFF
_DEBUG_OFF                        00003FFF
_DEBUG_ON                         000037FF
_HS_OSC                           00003FFE
_LP_OSC                           00003FFC
_LVP_OFF                          00003F7F
_LVP_ON                           00003FFF
_PWRTE_OFF                        00003FFF
_PWRTE_ON                         00003FF7
_RC_OSC                           00003FFF
_WDT_OFF                          00003FFB
_WDT_ON                           00003FFF
_WRT_1FOURTH                      00003BFF
_WRT_256                          00003DFF
_WRT_HALF                         000039FF
_WRT_OFF                          00003FFF
_XT_OSC                           00003FFD
__16F877A                         00000001
__DEBUG                           1
MPASM  5.20                      ROBERTO1.ASM   12-22-2008  17:11:52         PAGE  8


SYMBOL TABLE
  LABEL                             VALUE 

decremento0                       00000020
decremento1                       00000021
decremento2                       00000022
decremento3                       00000023
decremento4                       00000024
decremento5                       00000025
decremento6                       00000026
decremento7                       00000027
loooop0                           0000002F
loooop1                           0000002D
loooop2                           0000002B
loooop3                           00000029
looop0                            00000021
looop1                            0000001F
looop2                            0000001D
looop3                            0000001B


MEMORY USAGE MAP ('X' = Used,  '-' = Unused)

0000 : X---XXXXXXXXXXXX XXXXXXXXXXXXXXXX XXXXXXXXXXXXXXXX XXXXX-----------

All other memory blocks unused.

Program Memory Words Used:    50
Program Memory Words Free:  8142


Errors   :     0
Warnings :     1 reported,     0 suppressed
Messages :     6 reported,     0 suppressed

