MPASM  5.16                      ROTACION.ASM   12-9-2008  12:58:18         PAGE  1


LOC  OBJECT CODE     LINE SOURCE TEXT
  VALUE

                      00001 #include <p16f873a.inc> 
                      00001         LIST
                      00002 ; P16F873A.INC  Standard Header File, Version 1.00    Microchip Technology, Inc.
                      00384         LIST
                      00002 
Warning[205]: Found directive in column 1. (CBLOCK)
                      00003 CBLOCK 0X20
  00000020            00004         decremento0
  00000021            00005         decremento1
  00000022            00006         incremento
                      00007         ENDC
                      00008 
0000                  00009         ORG     0x0
0000   283E           00010         goto    INICIO
0004                  00011         ORG 0x4
0004   1C8B           00012         btfss   INTCON,1
0005   0009           00013         retfie
0006   3001           00014         movlw   0x01
0007   00A0           00015         movwf   decremento0
0008                  00016 decremento
0008   0BA0           00017         decfsz  decremento0,1
0009   2808           00018         goto decremento
000A   3001           00019         movlw   0x01
000B   00A1           00020         movwf   decremento1
000C                  00021 decremento00
000C   0BA1           00022         decfsz  decremento1,1
000D   280C           00023         goto decremento00
000E   108B           00024         bcf             INTCON,1
Warning[211]: Extraneous arguments on the line.
000F   0103           00025         clrw    0x0
Message[305]: Using default destination of 1 (file).
0010   0AA2           00026         incf    incremento
0011   0822           00027         movf    incremento,0
0012   2015           00028         call    convert
0013   0087           00029         movwf   PORTC
0014   0009           00030         retfie
0015                  00031 convert
0015   0782           00032         addwf   PCL,1
Warning[211]: Extraneous arguments on the line.
0016   0009           00033         retfie '00000000'
Warning[211]: Extraneous arguments on the line.
0017   0009           00034         retfie '00000001'
Warning[211]: Extraneous arguments on the line.
0018   0009           00035         retfie '00000010'
Warning[211]: Extraneous arguments on the line.
0019   0009           00036         retfie '00000011'
Warning[211]: Extraneous arguments on the line.
001A   0009           00037         retfie '00000100'
Warning[211]: Extraneous arguments on the line.
001B   0009           00038         retfie '00000101'
Warning[211]: Extraneous arguments on the line.
001C   0009           00039         retfie '00000110'       
Warning[211]: Extraneous arguments on the line.
MPASM  5.16                      ROTACION.ASM   12-9-2008  12:58:18         PAGE  2


LOC  OBJECT CODE     LINE SOURCE TEXT
  VALUE

001D   0009           00040         retfie '00000111'
Warning[211]: Extraneous arguments on the line.
001E   0009           00041         retfie '00001000'       
Warning[211]: Extraneous arguments on the line.
001F   0009           00042         retfie '00001001'
Warning[211]: Extraneous arguments on the line.
0020   0009           00043         retfie '00010000'
Warning[211]: Extraneous arguments on the line.
0021   0009           00044         retfie '00010001'
Warning[211]: Extraneous arguments on the line.
0022   0009           00045         retfie '00010010'
Warning[211]: Extraneous arguments on the line.
0023   0009           00046         retfie '00010011'
Warning[211]: Extraneous arguments on the line.
0024   0009           00047         retfie '00010100'
Warning[211]: Extraneous arguments on the line.
0025   0009           00048         retfie '00010101'
Warning[211]: Extraneous arguments on the line.
0026   0009           00049         retfie '00010110'       
Warning[211]: Extraneous arguments on the line.
0027   0009           00050         retfie '00010111'
Warning[211]: Extraneous arguments on the line.
0028   0009           00051         retfie '00011000'       
Warning[211]: Extraneous arguments on the line.
0029   0009           00052         retfie '00011001'
Warning[211]: Extraneous arguments on the line.
002A   0009           00053         retfie '00100000'
Warning[211]: Extraneous arguments on the line.
002B   0009           00054         retfie '00100001'
Warning[211]: Extraneous arguments on the line.
002C   0009           00055         retfie '00100010'
Warning[211]: Extraneous arguments on the line.
002D   0009           00056         retfie '00100011'
Warning[211]: Extraneous arguments on the line.
002E   0009           00057         retfie '00100100'
Warning[211]: Extraneous arguments on the line.
002F   0009           00058         retfie '00100101'
Warning[211]: Extraneous arguments on the line.
0030   0009           00059         retfie '00100110'       
Warning[211]: Extraneous arguments on the line.
0031   0009           00060         retfie '00100111'
Warning[211]: Extraneous arguments on the line.
0032   0009           00061         retfie '00101000'       
Warning[211]: Extraneous arguments on the line.
0033   0009           00062         retfie '00101001'
Warning[211]: Extraneous arguments on the line.
0034   0009           00063         retfie '00100000'
Warning[211]: Extraneous arguments on the line.
0035   0009           00064         retfie '00100001'
Warning[211]: Extraneous arguments on the line.
0036   0009           00065         retfie '00100010'
Warning[211]: Extraneous arguments on the line.
0037   0009           00066         retfie '00100011'
MPASM  5.16                      ROTACION.ASM   12-9-2008  12:58:18         PAGE  3


LOC  OBJECT CODE     LINE SOURCE TEXT
  VALUE

Warning[211]: Extraneous arguments on the line.
0038   0009           00067         retfie '00100100'
Warning[211]: Extraneous arguments on the line.
0039   0009           00068         retfie '00100101'
Warning[211]: Extraneous arguments on the line.
003A   0009           00069         retfie '00100110'       
Warning[211]: Extraneous arguments on the line.
003B   0009           00070         retfie '00100111'
Warning[211]: Extraneous arguments on the line.
003C   0009           00071         retfie '00101000'       
Warning[211]: Extraneous arguments on the line.
003D   0009           00072         retfie '00101001'
003E                  00073 INICIO
                      00074 
003E   1683           00075         bsf             STATUS,RP0      ;Me ubico en el banco 1 de la memoria
Message[302]: Register in operand not in bank 0.  Ensure that bank bits are correct.
003F   0185           00076         clrf    TRISA           ;PUERTO COMO SALIDA
0040   3001           00077         movlw   b'00000001'
Message[302]: Register in operand not in bank 0.  Ensure that bank bits are correct.
0041   0086           00078         movwf   TRISB           ;PUERTO COMO SALIDA Y RB0 COMO ENTRADA
Message[302]: Register in operand not in bank 0.  Ensure that bank bits are correct.
0042   0187           00079         clrf    TRISC           ;PUERTO COMO SALIDA             
0043   3040           00080         movlw   b'01000000'
Message[302]: Register in operand not in bank 0.  Ensure that bank bits are correct.
0044   0081           00081         movwf   OPTION_REG
0045   1283           00082         bcf             STATUS,RP0
0046   0187           00083         clrf    PORTC
0047   01A2           00084         clrf    incremento
0048   1007           00085         bcf             PORTC,0
0049   160B           00086         bsf             INTCON,4
004A   158B           00087         bsf             INTCON,3
004B   178B           00088         bsf             INTCON,7                ; capacitores de 15pf para 100Khz
                      00089 
                      00090 
004C                  00091 MAIN
004C   0064           00092         clrwdt
                      00093         
004D   284C           00094         GOTO MAIN
                      00095         END
MPASM  5.16                      ROTACION.ASM   12-9-2008  12:58:18         PAGE  4


SYMBOL TABLE
  LABEL                             VALUE 

ACKDT                             00000005
ACKEN                             00000004
ACKSTAT                           00000006
ADCON0                            0000001F
ADCON1                            0000009F
ADCS0                             00000006
ADCS1                             00000007
ADCS2                             00000006
ADDEN                             00000003
ADFM                              00000007
ADIE                              00000006
ADIF                              00000006
ADON                              00000000
ADRESH                            0000001E
ADRESL                            0000009E
BCLIE                             00000003
BCLIF                             00000003
BF                                00000000
BRGH                              00000002
C                                 00000000
C1INV                             00000004
C1OUT                             00000006
C2INV                             00000005
C2OUT                             00000007
CCP1CON                           00000017
CCP1IE                            00000002
CCP1IF                            00000002
CCP1M0                            00000000
CCP1M1                            00000001
CCP1M2                            00000002
CCP1M3                            00000003
CCP1X                             00000005
CCP1Y                             00000004
CCP2CON                           0000001D
CCP2IE                            00000000
CCP2IF                            00000000
CCP2M0                            00000000
CCP2M1                            00000001
CCP2M2                            00000002
CCP2M3                            00000003
CCP2X                             00000005
CCP2Y                             00000004
CCPR1H                            00000016
CCPR1L                            00000015
CCPR2H                            0000001C
CCPR2L                            0000001B
CHS0                              00000003
CHS1                              00000004
CHS2                              00000005
CIS                               00000003
CKE                               00000006
CKP                               00000004
CM0                               00000000
MPASM  5.16                      ROTACION.ASM   12-9-2008  12:58:18         PAGE  5


SYMBOL TABLE
  LABEL                             VALUE 

CM1                               00000001
CM2                               00000002
CMCON                             0000009C
CMIE                              00000006
CMIF                              00000006
CREN                              00000004
CSRC                              00000007
CVR0                              00000000
CVR1                              00000001
CVR2                              00000002
CVR3                              00000003
CVRCON                            0000009D
CVREN                             00000007
CVROE                             00000006
CVRR                              00000005
D                                 00000005
DATA_ADDRESS                      00000005
DC                                00000001
D_A                               00000005
EEADR                             0000010D
EEADRH                            0000010F
EECON1                            0000018C
EECON2                            0000018D
EEDATA                            0000010C
EEDATH                            0000010E
EEIE                              00000004
EEIF                              00000004
EEPGD                             00000007
F                                 00000001
FERR                              00000002
FSR                               00000004
GCEN                              00000007
GIE                               00000007
GO                                00000002
GO_DONE                           00000002
I2C_DATA                          00000005
I2C_READ                          00000002
I2C_START                         00000003
I2C_STOP                          00000004
INDF                              00000000
INICIO                            0000003E
INTCON                            0000000B
INTE                              00000004
INTEDG                            00000006
INTF                              00000001
IRP                               00000007
MAIN                              0000004C
NOT_A                             00000005
NOT_ADDRESS                       00000005
NOT_BO                            00000000
NOT_BOR                           00000000
NOT_DONE                          00000002
NOT_PD                            00000003
MPASM  5.16                      ROTACION.ASM   12-9-2008  12:58:18         PAGE  6


SYMBOL TABLE
  LABEL                             VALUE 

NOT_POR                           00000001
NOT_RBPU                          00000007
NOT_RC8                           00000006
NOT_T1SYNC                        00000002
NOT_TO                            00000004
NOT_TX8                           00000006
NOT_W                             00000002
NOT_WRITE                         00000002
OERR                              00000001
OPTION_REG                        00000081
P                                 00000004
PCFG0                             00000000
PCFG1                             00000001
PCFG2                             00000002
PCFG3                             00000003
PCL                               00000002
PCLATH                            0000000A
PCON                              0000008E
PEIE                              00000006
PEN                               00000002
PIE1                              0000008C
PIE2                              0000008D
PIR1                              0000000C
PIR2                              0000000D
PORTA                             00000005
PORTB                             00000006
PORTC                             00000007
PR2                               00000092
PS0                               00000000
PS1                               00000001
PS2                               00000002
PSA                               00000003
R                                 00000002
RBIE                              00000003
RBIF                              00000000
RC8_9                             00000006
RC9                               00000006
RCD8                              00000000
RCEN                              00000003
RCIE                              00000005
RCIF                              00000005
RCREG                             0000001A
RCSTA                             00000018
RD                                00000000
READ_WRITE                        00000002
RP0                               00000005
RP1                               00000006
RSEN                              00000001
RX9                               00000006
RX9D                              00000000
R_W                               00000002
S                                 00000003
SEN                               00000000
MPASM  5.16                      ROTACION.ASM   12-9-2008  12:58:18         PAGE  7


SYMBOL TABLE
  LABEL                             VALUE 

SMP                               00000007
SPBRG                             00000099
SPEN                              00000007
SREN                              00000005
SSPADD                            00000093
SSPBUF                            00000013
SSPCON                            00000014
SSPCON2                           00000091
SSPEN                             00000005
SSPIE                             00000003
SSPIF                             00000003
SSPM0                             00000000
SSPM1                             00000001
SSPM2                             00000002
SSPM3                             00000003
SSPOV                             00000006
SSPSTAT                           00000094
STATUS                            00000003
SYNC                              00000004
T0CS                              00000005
T0IE                              00000005
T0IF                              00000002
T0SE                              00000004
T1CKPS0                           00000004
T1CKPS1                           00000005
T1CON                             00000010
T1INSYNC                          00000002
T1OSCEN                           00000003
T1SYNC                            00000002
T2CKPS0                           00000000
T2CKPS1                           00000001
T2CON                             00000012
TMR0                              00000001
TMR0IE                            00000005
TMR0IF                            00000002
TMR1CS                            00000001
TMR1H                             0000000F
TMR1IE                            00000000
TMR1IF                            00000000
TMR1L                             0000000E
TMR1ON                            00000000
TMR2                              00000011
TMR2IE                            00000001
TMR2IF                            00000001
TMR2ON                            00000002
TOUTPS0                           00000003
TOUTPS1                           00000004
TOUTPS2                           00000005
TOUTPS3                           00000006
TRISA                             00000085
TRISB                             00000086
TRISC                             00000087
TRMT                              00000001
MPASM  5.16                      ROTACION.ASM   12-9-2008  12:58:18         PAGE  8


SYMBOL TABLE
  LABEL                             VALUE 

TX8_9                             00000006
TX9                               00000006
TX9D                              00000000
TXD8                              00000000
TXEN                              00000005
TXIE                              00000004
TXIF                              00000004
TXREG                             00000019
TXSTA                             00000098
UA                                00000001
W                                 00000000
WCOL                              00000007
WR                                00000001
WREN                              00000002
WRERR                             00000003
Z                                 00000002
_BODEN_OFF                        00003FBF
_BODEN_ON                         00003FFF
_CPD_OFF                          00003FFF
_CPD_ON                           00003EFF
_CP_ALL                           00001FFF
_CP_OFF                           00003FFF
_DEBUG_OFF                        00003FFF
_DEBUG_ON                         000037FF
_HS_OSC                           00003FFE
_LP_OSC                           00003FFC
_LVP_OFF                          00003F7F
_LVP_ON                           00003FFF
_PWRTE_OFF                        00003FFF
_PWRTE_ON                         00003FF7
_RC_OSC                           00003FFF
_WDT_OFF                          00003FFB
_WDT_ON                           00003FFF
_WRT_1FOURTH                      00003BFF
_WRT_256                          00003DFF
_WRT_HALF                         000039FF
_WRT_OFF                          00003FFF
_XT_OSC                           00003FFD
__16F873A                         00000001
__DEBUG                           1
convert                           00000015
decremento                        00000008
decremento0                       00000020
decremento00                      0000000C
decremento1                       00000021
incremento                        00000022
MPASM  5.16                      ROTACION.ASM   12-9-2008  12:58:18         PAGE  9


MEMORY USAGE MAP ('X' = Used,  '-' = Unused)


0000 : X---XXXXXXXXXXXX XXXXXXXXXXXXXXXX XXXXXXXXXXXXXXXX XXXXXXXXXXXXXXXX
0040 : XXXXXXXXXXXXXX-- ---------------- ---------------- ----------------

All other memory blocks unused.

Program Memory Words Used:    75
Program Memory Words Free:  4021


Errors   :     0
Warnings :    42 reported,     0 suppressed
Messages :     5 reported,     0 suppressed

