MPASM  5.20                       ROBERTO.ASM   12-22-2008  19:56:24         PAGE  1


LOC  OBJECT CODE     LINE SOURCE TEXT
  VALUE

                      00001  #include <p16f873a.inc> 
                      00001         LIST
                      00002 ; P16F873A.INC  Standard Header File, Version 1.00    Microchip Technology, Inc.
                      00384         LIST
                      00002 
Warning[205]: Found directive in column 1. (CBLOCK)
                      00003 CBLOCK 0X20
  00000020            00004         decremento0
  00000021            00005         decremento1
  00000022            00006         decremento2
  00000023            00007         decremento3
                      00008 
  00000024            00009         decremento4
  00000025            00010         decremento5
  00000026            00011         decremento6
  00000027            00012         decremento7
                      00013         ENDC
                      00014 
0000                  00015         ORG     0x0
0000   281A           00016         goto    INICIO
0004                  00017         ORG 0x4
0004   1C8B           00018         btfss   INTCON,1
0005   0009           00019         retfie
0006   0A86           00020         incf    PORTB,1
0007   300F           00021         movlw 0x0F
0008   00A0           00022         movwf decremento0;
0009                  00023 loop3
0009   300F           00024         movlw 0x0F;
000A   00A1           00025         movwf decremento1;
000B                  00026 loop2
000B   300F           00027         movlw 0x0F;
000C   00A2           00028         movwf decremento2;
000D                  00029 loop1
000D   30FF           00030         movlw 0xFF;
000E   00A3           00031         movwf decremento3;
                      00032         
000F                  00033 loop0   
                      00034 ;       clrwdt  
000F   0BA3           00035         decfsz decremento3,1;
0010   280F           00036         goto loop0
                      00037                 
0011   0BA2           00038         decfsz decremento2,1;
0012   280D           00039         goto loop1
                      00040                 
0013   0BA1           00041         decfsz decremento1,1;
0014   280B           00042         goto loop2
                      00043 
0015   0BA0           00044         decfsz decremento0,1;
0016   2809           00045         goto loop3
                      00046 
0017   1407           00047         bsf             PORTC,0
0018   110B           00048         bcf             INTCON,2
0019   0009           00049         retfie
MPASM  5.20                       ROBERTO.ASM   12-22-2008  19:56:24         PAGE  2


LOC  OBJECT CODE     LINE SOURCE TEXT
  VALUE

                      00050         
001A                  00051 INICIO
                      00052 
001A   1683           00053         bsf             STATUS,RP0      ;Me ubico en el banco 1 de la memoria
Message[302]: Register in operand not in bank 0.  Ensure that bank bits are correct.
001B   0185           00054         clrf    TRISA           ;PUERTO COMO SALIDA
Message[302]: Register in operand not in bank 0.  Ensure that bank bits are correct.
001C   0186           00055         clrf    TRISB           ;PUERTO COMO SALIDA
Message[302]: Register in operand not in bank 0.  Ensure that bank bits are correct.
001D   0187           00056         clrf    TRISC           ;PUERTO COMO SALIDA
001E   3040           00057         movlw   b'01000000'
Message[302]: Register in operand not in bank 0.  Ensure that bank bits are correct.
001F   0081           00058         movwf   OPTION_REG
0020   1283           00059         bcf             STATUS,RP0;  
                      00060     ;EL TIMER 0 VA EN EL BANCO 0
0021   1007           00061         bcf             PORTC,0
0022   3000           00062         movlw   0x0             ;seteo el timer 0
0023   0081           00063         movwf   TMR0
0024   160B           00064         bsf             INTCON,4
0025   158B           00065         bsf             INTCON,3                ; capacitores de 15pf para 100Khz
0026   178B           00066         bsf             INTCON,7
0027   168B           00067         bsf             INTCON,5
                      00068                 
                      00069 
                      00070 
0028                  00071 MAIN
0028   0064           00072         clrwdt
                      00073 
0029   30F0           00074         movlw 0xF0;
002A   00A4           00075         movwf decremento4;
002B                  00076 looop3
002B   30F0           00077         movlw 0xF0;
002C   00A5           00078         movwf decremento5;
002D                  00079 looop2
002D   30F0           00080         movlw 0xF0;
002E   00A6           00081         movwf decremento6;
002F                  00082 looop1
002F   30FF           00083         movlw 0xFF;
0030   00A7           00084         movwf decremento7;
                      00085         
0031                  00086 looop0  
0031   0064           00087         clrwdt  
0032   0BA4           00088         decfsz decremento4,1
0033   2831           00089         goto looop0
                      00090                 
0034   0BA5           00091         decfsz decremento5,1
0035   282F           00092         goto looop1
                      00093 
                      00094 ;       decfsz decremento6,1
                      00095 ;       goto looop2
                      00096 
                      00097         ;decfsz decremento7,1
                      00098         ;goto looop3
MPASM  5.20                       ROBERTO.ASM   12-22-2008  19:56:24         PAGE  3


LOC  OBJECT CODE     LINE SOURCE TEXT
  VALUE

                      00099 
0036   1487           00100         bsf             PORTC,1
                      00101 
0037   30F0           00102         movlw 0xF0;
0038   00A4           00103         movwf decremento4
0039                  00104 loooop3
0039   30F0           00105         movlw 0xF0;
003A   00A5           00106         movwf decremento5
003B                  00107 loooop2
003B   30F0           00108         movlw 0xF0;
003C   00A6           00109         movwf decremento6
003D                  00110 loooop1
003D   30FF           00111         movlw 0xFF;
003E   00A7           00112         movwf decremento7
                      00113         
003F                  00114 loooop0 
                      00115         ;clrwdt 
003F   0BA4           00116         decfsz decremento4,1
0040   283F           00117         goto loooop0
                      00118                 
0041   0BA5           00119         decfsz decremento5,1
0042   283D           00120         goto loooop1
                      00121                 
                      00122 ;       decfsz decremento6,1
                      00123 ;       goto loooop2
                      00124 
                      00125 ;       decfsz decremento7,1
                      00126 ;       goto loooop3
                      00127 
0043   1087           00128         bcf             PORTC,1
                      00129 
                      00130         
0044   2828           00131         GOTO MAIN
                      00132         END
MPASM  5.20                       ROBERTO.ASM   12-22-2008  19:56:24         PAGE  4


SYMBOL TABLE
  LABEL                             VALUE 

ACKDT                             00000005
ACKEN                             00000004
ACKSTAT                           00000006
ADCON0                            0000001F
ADCON1                            0000009F
ADCS0                             00000006
ADCS1                             00000007
ADCS2                             00000006
ADDEN                             00000003
ADFM                              00000007
ADIE                              00000006
ADIF                              00000006
ADON                              00000000
ADRESH                            0000001E
ADRESL                            0000009E
BCLIE                             00000003
BCLIF                             00000003
BF                                00000000
BRGH                              00000002
C                                 00000000
C1INV                             00000004
C1OUT                             00000006
C2INV                             00000005
C2OUT                             00000007
CCP1CON                           00000017
CCP1IE                            00000002
CCP1IF                            00000002
CCP1M0                            00000000
CCP1M1                            00000001
CCP1M2                            00000002
CCP1M3                            00000003
CCP1X                             00000005
CCP1Y                             00000004
CCP2CON                           0000001D
CCP2IE                            00000000
CCP2IF                            00000000
CCP2M0                            00000000
CCP2M1                            00000001
CCP2M2                            00000002
CCP2M3                            00000003
CCP2X                             00000005
CCP2Y                             00000004
CCPR1H                            00000016
CCPR1L                            00000015
CCPR2H                            0000001C
CCPR2L                            0000001B
CHS0                              00000003
CHS1                              00000004
CHS2                              00000005
CIS                               00000003
CKE                               00000006
CKP                               00000004
CM0                               00000000
MPASM  5.20                       ROBERTO.ASM   12-22-2008  19:56:24         PAGE  5


SYMBOL TABLE
  LABEL                             VALUE 

CM1                               00000001
CM2                               00000002
CMCON                             0000009C
CMIE                              00000006
CMIF                              00000006
CREN                              00000004
CSRC                              00000007
CVR0                              00000000
CVR1                              00000001
CVR2                              00000002
CVR3                              00000003
CVRCON                            0000009D
CVREN                             00000007
CVROE                             00000006
CVRR                              00000005
D                                 00000005
DATA_ADDRESS                      00000005
DC                                00000001
D_A                               00000005
EEADR                             0000010D
EEADRH                            0000010F
EECON1                            0000018C
EECON2                            0000018D
EEDATA                            0000010C
EEDATH                            0000010E
EEIE                              00000004
EEIF                              00000004
EEPGD                             00000007
F                                 00000001
FERR                              00000002
FSR                               00000004
GCEN                              00000007
GIE                               00000007
GO                                00000002
GO_DONE                           00000002
I2C_DATA                          00000005
I2C_READ                          00000002
I2C_START                         00000003
I2C_STOP                          00000004
INDF                              00000000
INICIO                            0000001A
INTCON                            0000000B
INTE                              00000004
INTEDG                            00000006
INTF                              00000001
IRP                               00000007
MAIN                              00000028
NOT_A                             00000005
NOT_ADDRESS                       00000005
NOT_BO                            00000000
NOT_BOR                           00000000
NOT_DONE                          00000002
NOT_PD                            00000003
MPASM  5.20                       ROBERTO.ASM   12-22-2008  19:56:24         PAGE  6


SYMBOL TABLE
  LABEL                             VALUE 

NOT_POR                           00000001
NOT_RBPU                          00000007
NOT_RC8                           00000006
NOT_T1SYNC                        00000002
NOT_TO                            00000004
NOT_TX8                           00000006
NOT_W                             00000002
NOT_WRITE                         00000002
OERR                              00000001
OPTION_REG                        00000081
P                                 00000004
PCFG0                             00000000
PCFG1                             00000001
PCFG2                             00000002
PCFG3                             00000003
PCL                               00000002
PCLATH                            0000000A
PCON                              0000008E
PEIE                              00000006
PEN                               00000002
PIE1                              0000008C
PIE2                              0000008D
PIR1                              0000000C
PIR2                              0000000D
PORTA                             00000005
PORTB                             00000006
PORTC                             00000007
PR2                               00000092
PS0                               00000000
PS1                               00000001
PS2                               00000002
PSA                               00000003
R                                 00000002
RBIE                              00000003
RBIF                              00000000
RC8_9                             00000006
RC9                               00000006
RCD8                              00000000
RCEN                              00000003
RCIE                              00000005
RCIF                              00000005
RCREG                             0000001A
RCSTA                             00000018
RD                                00000000
READ_WRITE                        00000002
RP0                               00000005
RP1                               00000006
RSEN                              00000001
RX9                               00000006
RX9D                              00000000
R_W                               00000002
S                                 00000003
SEN                               00000000
MPASM  5.20                       ROBERTO.ASM   12-22-2008  19:56:24         PAGE  7


SYMBOL TABLE
  LABEL                             VALUE 

SMP                               00000007
SPBRG                             00000099
SPEN                              00000007
SREN                              00000005
SSPADD                            00000093
SSPBUF                            00000013
SSPCON                            00000014
SSPCON2                           00000091
SSPEN                             00000005
SSPIE                             00000003
SSPIF                             00000003
SSPM0                             00000000
SSPM1                             00000001
SSPM2                             00000002
SSPM3                             00000003
SSPOV                             00000006
SSPSTAT                           00000094
STATUS                            00000003
SYNC                              00000004
T0CS                              00000005
T0IE                              00000005
T0IF                              00000002
T0SE                              00000004
T1CKPS0                           00000004
T1CKPS1                           00000005
T1CON                             00000010
T1INSYNC                          00000002
T1OSCEN                           00000003
T1SYNC                            00000002
T2CKPS0                           00000000
T2CKPS1                           00000001
T2CON                             00000012
TMR0                              00000001
TMR0IE                            00000005
TMR0IF                            00000002
TMR1CS                            00000001
TMR1H                             0000000F
TMR1IE                            00000000
TMR1IF                            00000000
TMR1L                             0000000E
TMR1ON                            00000000
TMR2                              00000011
TMR2IE                            00000001
TMR2IF                            00000001
TMR2ON                            00000002
TOUTPS0                           00000003
TOUTPS1                           00000004
TOUTPS2                           00000005
TOUTPS3                           00000006
TRISA                             00000085
TRISB                             00000086
TRISC                             00000087
TRMT                              00000001
MPASM  5.20                       ROBERTO.ASM   12-22-2008  19:56:24         PAGE  8


SYMBOL TABLE
  LABEL                             VALUE 

TX8_9                             00000006
TX9                               00000006
TX9D                              00000000
TXD8                              00000000
TXEN                              00000005
TXIE                              00000004
TXIF                              00000004
TXREG                             00000019
TXSTA                             00000098
UA                                00000001
W                                 00000000
WCOL                              00000007
WR                                00000001
WREN                              00000002
WRERR                             00000003
Z                                 00000002
_BODEN_OFF                        00003FBF
_BODEN_ON                         00003FFF
_CPD_OFF                          00003FFF
_CPD_ON                           00003EFF
_CP_ALL                           00001FFF
_CP_OFF                           00003FFF
_DEBUG_OFF                        00003FFF
_DEBUG_ON                         000037FF
_HS_OSC                           00003FFE
_LP_OSC                           00003FFC
_LVP_OFF                          00003F7F
_LVP_ON                           00003FFF
_PWRTE_OFF                        00003FFF
_PWRTE_ON                         00003FF7
_RC_OSC                           00003FFF
_WDT_OFF                          00003FFB
_WDT_ON                           00003FFF
_WRT_1FOURTH                      00003BFF
_WRT_256                          00003DFF
_WRT_HALF                         000039FF
_WRT_OFF                          00003FFF
_XT_OSC                           00003FFD
__16F873A                         00000001
__DEBUG                           1
decremento0                       00000020
decremento1                       00000021
decremento2                       00000022
decremento3                       00000023
decremento4                       00000024
decremento5                       00000025
decremento6                       00000026
decremento7                       00000027
loooop0                           0000003F
loooop1                           0000003D
loooop2                           0000003B
loooop3                           00000039
looop0                            00000031
MPASM  5.20                       ROBERTO.ASM   12-22-2008  19:56:24         PAGE  9


SYMBOL TABLE
  LABEL                             VALUE 

looop1                            0000002F
looop2                            0000002D
looop3                            0000002B
loop0                             0000000F
loop1                             0000000D
loop2                             0000000B
loop3                             00000009


MEMORY USAGE MAP ('X' = Used,  '-' = Unused)

0000 : X---XXXXXXXXXXXX XXXXXXXXXXXXXXXX XXXXXXXXXXXXXXXX XXXXXXXXXXXXXXXX
0040 : XXXXX----------- ---------------- ---------------- ----------------

All other memory blocks unused.

Program Memory Words Used:    66
Program Memory Words Free:  4030


Errors   :     0
Warnings :     1 reported,     0 suppressed
Messages :     4 reported,     0 suppressed

