MPASM  5.34                      ROBERTO2.ASM   12-16-2009  23:06:52         PAGE  1


LOC  OBJECT CODE     LINE SOURCE TEXT
  VALUE

                      00001 #include <p16f873A.inc> 
                      00001         LIST
                      00002 ; P16F873A.INC  Standard Header File, Version 1.00    Microchip Technology, Inc.
Message[301]: MESSAGE: (Processor-header file mismatch.  Verify selected processor.)
                      00384         LIST
                      00002 
                      00003         CBLOCK 0X20
  00000020            00004         decremento4
  00000021            00005         decremento5
  00000022            00006         decremento6
  00000023            00007         incremento
                      00008         ENDC
                      00009 
                      00010         ORG     0x0
0000   2???           00011         goto    INICIO
                      00012         ORG 0x4
0004   1C8B           00013         btfss   INTCON,1
0005   0009           00014         retfie
0006   30FF           00015         movlw 0xFF;
0007   00A2           00016         movwf decremento6
0008                  00017 lop0
0008   0BA2           00018         decfsz decremento6,1
0009   2???           00019         goto lop0
000A   1C8B           00020         btfss   INTCON,1        
000B   0009           00021         retfie
000C   0AA3           00022         incf    incremento,1
000D   0823           00023         movf    incremento,w
000E   0087           00024         movwf   PORTC
000F   108B           00025         bcf             INTCON,1        ;BORRO EL BIT DE BANDERA DE LA INT RB0
0010   110B           00026         bcf             INTCON,2   ;BORRO EL BIT DE BANDERA DEL TIMER 0
0011   0009           00027         retfie
                      00028         
0012                  00029 INICIO
                      00030 
0012   1683           00031         bsf             STATUS,RP0      ;Me ubico en el banco 1 de la memoria
Message[302]: Register in operand not in bank 0.  Ensure that bank bits are correct.
0013   0185           00032         clrf    TRISA           ;PUERTO COMO SALIDA
0014   3001           00033         movlw   b'00000001'
Message[302]: Register in operand not in bank 0.  Ensure that bank bits are correct.
0015   0086           00034         movwf   TRISB           ;PUERTO COMO SALIDA Y RB0 COMO ENTRADA
Message[302]: Register in operand not in bank 0.  Ensure that bank bits are correct.
0016   0187           00035         clrf    TRISC           ;PUERTO COMO SALIDA             
0017   3040           00036         movlw   b'01000000'
Message[302]: Register in operand not in bank 0.  Ensure that bank bits are correct.
0018   0081           00037         movwf   OPTION_REG
0019   1283           00038         bcf             STATUS,RP0
001A   0187           00039         clrf    PORTC
001B   0185           00040         clrf    PORTA
001C   01A3           00041         clrf    incremento
001D   160B           00042         bsf             INTCON,4
001E   158B           00043         bsf             INTCON,3                
001F   178B           00044         bsf             INTCON,7
0020                  00045 MAIN
MPASM  5.34                      ROBERTO2.ASM   12-16-2009  23:06:52         PAGE  2


LOC  OBJECT CODE     LINE SOURCE TEXT
  VALUE

0020   0064           00046         clrwdt
0021   30F0           00047         movlw 0xF0;
0022   00A1           00048         movwf decremento5;
0023                  00049 looop1
0023   30FF           00050         movlw 0xFF;
0024   00A0           00051         movwf decremento4;
                      00052         
0025                  00053 looop0  
0025   0064           00054         clrwdt  
0026   0BA0           00055         decfsz decremento4,1
0027   2???           00056         goto looop0
                      00057                 
0028   0BA1           00058         decfsz decremento5,1
0029   2???           00059         goto looop1
                      00060 
                      00061         ;bsf            PORTC,1
                      00062 
                      00063 
002A   30F0           00064         movlw 0xF0;
002B   00A1           00065         movwf decremento5
002C                  00066 loooop1
002C   30FF           00067         movlw 0xFF;
002D   00A0           00068         movwf decremento4
                      00069         
002E                  00070 loooop0 
                      00071 
002E   0BA0           00072         decfsz decremento4,1
002F   2???           00073         goto loooop0
                      00074                 
0030   0BA1           00075         decfsz decremento5,1
0031   2???           00076         goto loooop1
                      00077                 
                      00078         ;bcf            PORTC,1
                      00079         
0032   2???           00080         GOTO MAIN
                      00081         END
MPASM  5.34                      ROBERTO2.ASM   12-16-2009  23:06:52         PAGE  3


SYMBOL TABLE
  LABEL                             VALUE 

ACKDT                             00000005
ACKEN                             00000004
ACKSTAT                           00000006
ADCON0                            0000001F
ADCON1                            0000009F
ADCS0                             00000006
ADCS1                             00000007
ADCS2                             00000006
ADDEN                             00000003
ADFM                              00000007
ADIE                              00000006
ADIF                              00000006
ADON                              00000000
ADRESH                            0000001E
ADRESL                            0000009E
BCLIE                             00000003
BCLIF                             00000003
BF                                00000000
BRGH                              00000002
C                                 00000000
C1INV                             00000004
C1OUT                             00000006
C2INV                             00000005
C2OUT                             00000007
CCP1CON                           00000017
CCP1IE                            00000002
CCP1IF                            00000002
CCP1M0                            00000000
CCP1M1                            00000001
CCP1M2                            00000002
CCP1M3                            00000003
CCP1X                             00000005
CCP1Y                             00000004
CCP2CON                           0000001D
CCP2IE                            00000000
CCP2IF                            00000000
CCP2M0                            00000000
CCP2M1                            00000001
CCP2M2                            00000002
CCP2M3                            00000003
CCP2X                             00000005
CCP2Y                             00000004
CCPR1H                            00000016
CCPR1L                            00000015
CCPR2H                            0000001C
CCPR2L                            0000001B
CHS0                              00000003
CHS1                              00000004
CHS2                              00000005
CIS                               00000003
CKE                               00000006
CKP                               00000004
CM0                               00000000
MPASM  5.34                      ROBERTO2.ASM   12-16-2009  23:06:52         PAGE  4


SYMBOL TABLE
  LABEL                             VALUE 

CM1                               00000001
CM2                               00000002
CMCON                             0000009C
CMIE                              00000006
CMIF                              00000006
CREN                              00000004
CSRC                              00000007
CVR0                              00000000
CVR1                              00000001
CVR2                              00000002
CVR3                              00000003
CVRCON                            0000009D
CVREN                             00000007
CVROE                             00000006
CVRR                              00000005
D                                 00000005
DATA_ADDRESS                      00000005
DC                                00000001
D_A                               00000005
EEADR                             0000010D
EEADRH                            0000010F
EECON1                            0000018C
EECON2                            0000018D
EEDATA                            0000010C
EEDATH                            0000010E
EEIE                              00000004
EEIF                              00000004
EEPGD                             00000007
F                                 00000001
FERR                              00000002
FSR                               00000004
GCEN                              00000007
GIE                               00000007
GO                                00000002
GO_DONE                           00000002
I2C_DATA                          00000005
I2C_READ                          00000002
I2C_START                         00000003
I2C_STOP                          00000004
INDF                              00000000
INICIO                            00000012
INTCON                            0000000B
INTE                              00000004
INTEDG                            00000006
INTF                              00000001
IRP                               00000007
MAIN                              00000020
NOT_A                             00000005
NOT_ADDRESS                       00000005
NOT_BO                            00000000
NOT_BOR                           00000000
NOT_DONE                          00000002
NOT_PD                            00000003
MPASM  5.34                      ROBERTO2.ASM   12-16-2009  23:06:52         PAGE  5


SYMBOL TABLE
  LABEL                             VALUE 

NOT_POR                           00000001
NOT_RBPU                          00000007
NOT_RC8                           00000006
NOT_T1SYNC                        00000002
NOT_TO                            00000004
NOT_TX8                           00000006
NOT_W                             00000002
NOT_WRITE                         00000002
OERR                              00000001
OPTION_REG                        00000081
P                                 00000004
PCFG0                             00000000
PCFG1                             00000001
PCFG2                             00000002
PCFG3                             00000003
PCL                               00000002
PCLATH                            0000000A
PCON                              0000008E
PEIE                              00000006
PEN                               00000002
PIE1                              0000008C
PIE2                              0000008D
PIR1                              0000000C
PIR2                              0000000D
PORTA                             00000005
PORTB                             00000006
PORTC                             00000007
PR2                               00000092
PS0                               00000000
PS1                               00000001
PS2                               00000002
PSA                               00000003
R                                 00000002
RBIE                              00000003
RBIF                              00000000
RC8_9                             00000006
RC9                               00000006
RCD8                              00000000
RCEN                              00000003
RCIE                              00000005
RCIF                              00000005
RCREG                             0000001A
RCSTA                             00000018
RD                                00000000
READ_WRITE                        00000002
RP0                               00000005
RP1                               00000006
RSEN                              00000001
RX9                               00000006
RX9D                              00000000
R_W                               00000002
S                                 00000003
SEN                               00000000
MPASM  5.34                      ROBERTO2.ASM   12-16-2009  23:06:52         PAGE  6


SYMBOL TABLE
  LABEL                             VALUE 

SMP                               00000007
SPBRG                             00000099
SPEN                              00000007
SREN                              00000005
SSPADD                            00000093
SSPBUF                            00000013
SSPCON                            00000014
SSPCON2                           00000091
SSPEN                             00000005
SSPIE                             00000003
SSPIF                             00000003
SSPM0                             00000000
SSPM1                             00000001
SSPM2                             00000002
SSPM3                             00000003
SSPOV                             00000006
SSPSTAT                           00000094
STATUS                            00000003
SYNC                              00000004
T0CS                              00000005
T0IE                              00000005
T0IF                              00000002
T0SE                              00000004
T1CKPS0                           00000004
T1CKPS1                           00000005
T1CON                             00000010
T1INSYNC                          00000002
T1OSCEN                           00000003
T1SYNC                            00000002
T2CKPS0                           00000000
T2CKPS1                           00000001
T2CON                             00000012
TMR0                              00000001
TMR0IE                            00000005
TMR0IF                            00000002
TMR1CS                            00000001
TMR1H                             0000000F
TMR1IE                            00000000
TMR1IF                            00000000
TMR1L                             0000000E
TMR1ON                            00000000
TMR2                              00000011
TMR2IE                            00000001
TMR2IF                            00000001
TMR2ON                            00000002
TOUTPS0                           00000003
TOUTPS1                           00000004
TOUTPS2                           00000005
TOUTPS3                           00000006
TRISA                             00000085
TRISB                             00000086
TRISC                             00000087
TRMT                              00000001
MPASM  5.34                      ROBERTO2.ASM   12-16-2009  23:06:52         PAGE  7


SYMBOL TABLE
  LABEL                             VALUE 

TX8_9                             00000006
TX9                               00000006
TX9D                              00000000
TXD8                              00000000
TXEN                              00000005
TXIE                              00000004
TXIF                              00000004
TXREG                             00000019
TXSTA                             00000098
UA                                00000001
W                                 00000000
WCOL                              00000007
WR                                00000001
WREN                              00000002
WRERR                             00000003
Z                                 00000002
_BODEN_OFF                        00003FBF
_BODEN_ON                         00003FFF
_CPD_OFF                          00003FFF
_CPD_ON                           00003EFF
_CP_ALL                           00001FFF
_CP_OFF                           00003FFF
_DEBUG_OFF                        00003FFF
_DEBUG_ON                         000037FF
_HS_OSC                           00003FFE
_LP_OSC                           00003FFC
_LVP_OFF                          00003F7F
_LVP_ON                           00003FFF
_PWRTE_OFF                        00003FFF
_PWRTE_ON                         00003FF7
_RC_OSC                           00003FFF
_WDT_OFF                          00003FFB
_WDT_ON                           00003FFF
_WRT_1FOURTH                      00003BFF
_WRT_256                          00003DFF
_WRT_HALF                         000039FF
_WRT_OFF                          00003FFF
_XT_OSC                           00003FFD
__16F873                          00000001
__DEBUG                           1
decremento4                       00000020
decremento5                       00000021
decremento6                       00000022
incremento                        00000023
loooop0                           0000002E
loooop1                           0000002C
looop0                            00000025
looop1                            00000023
lop0                              00000008

MPASM  5.34                      ROBERTO2.ASM   12-16-2009  23:06:52         PAGE  8





Errors   :     0
Warnings :     0 reported,     0 suppressed
Messages :     5 reported,     0 suppressed

