MPASM  5.34                       REGADOR.ASM   12-16-2009  22:22:51         PAGE  1


LOC  OBJECT CODE     LINE SOURCE TEXT
  VALUE

                      00001     #include <p16f873a.inc> 
                      00001         LIST
                      00002 ; P16F873A.INC  Standard Header File, Version 1.00    Microchip Technology, Inc.
                      00384         LIST
                      00002 
                      00003         CBLOCK 0X20
  00000020            00004         decremento0
  00000021            00005         decremento1
  00000022            00006         decremento2
  00000023            00007         decremento3
                      00008         ENDC
                      00009         
                      00010         ORG     0x0
0000   2???           00011         goto    INICIO
                      00012 
0001                  00013 INICIO
0001   1683           00014         bsf             STATUS,RP0      ;Me ubico en el banco 1 de la memoria
Message[302]: Register in operand not in bank 0.  Ensure that bank bits are correct.
0002   0185           00015         clrf    TRISA           ;PUERTO COMO SALIDA
Message[302]: Register in operand not in bank 0.  Ensure that bank bits are correct.
0003   0186           00016         clrf    TRISB           ;PUERTO COMO SALIDA
Message[302]: Register in operand not in bank 0.  Ensure that bank bits are correct.
0004   0187           00017         clrf    TRISC           ;PUERTO COMO SALIDA
0005   1283           00018         bcf             STATUS,RP0;  
                      00019                 
                      00020 
                      00021 
0006   0064           00022 MAIN clrwdt
0007   1007           00023         bcf     PORTC,0;
0008   302F           00024         movlw 0x2F;
0009   00A0           00025         movwf decremento0;
000A                  00026 loop3
000A   302F           00027         movlw 0x2F;
000B   00A1           00028         movwf decremento1; 
000C                  00029 loop2
000C   303F           00030         movlw 0x3F;
000D   00A2           00031         movwf decremento2;
000E                  00032 loop1
000E   304F           00033         movlw 0x4F;
000F   00A3           00034         movwf decremento3;
                      00035         
0010                  00036 loop0   
0010   0064           00037         clrwdt  
0011   0BA3           00038         decfsz decremento3,1;
0012   2???           00039         goto loop0
                      00040                 
0013   0BA2           00041         decfsz decremento2,1;
0014   2???           00042         goto loop1
                      00043                 
0015   0BA1           00044         decfsz decremento1,1;
0016   2???           00045         goto loop2
                      00046 
0017   0BA0           00047         decfsz decremento0,1;
MPASM  5.34                       REGADOR.ASM   12-16-2009  22:22:51         PAGE  2


LOC  OBJECT CODE     LINE SOURCE TEXT
  VALUE

0018   2???           00048         goto loop3
                      00049 
0019   1407           00050         bsf         PORTC,0;
                      00051 
001A   302F           00052         movlw 0x2F;
001B   00A0           00053         movwf decremento0;
001C                  00054 looop3
001C   302F           00055         movlw 0x2F;
001D   00A1           00056         movwf decremento1;
001E                  00057 looop2
001E   303F           00058         movlw 0x3F;
001F   00A2           00059         movwf decremento2;
0020                  00060 looop1
0020   304F           00061         movlw 0x4F;
0021   00A3           00062         movwf decremento3;
                      00063         
0022                  00064 looop0  
0022   0064           00065         clrwdt  
0023   0BA3           00066         decfsz decremento3,1;
0024   2???           00067         goto looop0
                      00068                 
0025   0BA2           00069         decfsz decremento2,1;
0026   2???           00070         goto looop1
                      00071                 
0027   0BA1           00072         decfsz decremento1,1;
0028   2???           00073         goto looop2
                      00074 
0029   0BA0           00075         decfsz decremento0,1;
002A   2???           00076         goto looop3
002B   2???           00077         goto    MAIN
                      00078         
                      00079         END
MPASM  5.34                       REGADOR.ASM   12-16-2009  22:22:51         PAGE  3


SYMBOL TABLE
  LABEL                             VALUE 

ACKDT                             00000005
ACKEN                             00000004
ACKSTAT                           00000006
ADCON0                            0000001F
ADCON1                            0000009F
ADCS0                             00000006
ADCS1                             00000007
ADCS2                             00000006
ADDEN                             00000003
ADFM                              00000007
ADIE                              00000006
ADIF                              00000006
ADON                              00000000
ADRESH                            0000001E
ADRESL                            0000009E
BCLIE                             00000003
BCLIF                             00000003
BF                                00000000
BRGH                              00000002
C                                 00000000
C1INV                             00000004
C1OUT                             00000006
C2INV                             00000005
C2OUT                             00000007
CCP1CON                           00000017
CCP1IE                            00000002
CCP1IF                            00000002
CCP1M0                            00000000
CCP1M1                            00000001
CCP1M2                            00000002
CCP1M3                            00000003
CCP1X                             00000005
CCP1Y                             00000004
CCP2CON                           0000001D
CCP2IE                            00000000
CCP2IF                            00000000
CCP2M0                            00000000
CCP2M1                            00000001
CCP2M2                            00000002
CCP2M3                            00000003
CCP2X                             00000005
CCP2Y                             00000004
CCPR1H                            00000016
CCPR1L                            00000015
CCPR2H                            0000001C
CCPR2L                            0000001B
CHS0                              00000003
CHS1                              00000004
CHS2                              00000005
CIS                               00000003
CKE                               00000006
CKP                               00000004
CM0                               00000000
MPASM  5.34                       REGADOR.ASM   12-16-2009  22:22:51         PAGE  4


SYMBOL TABLE
  LABEL                             VALUE 

CM1                               00000001
CM2                               00000002
CMCON                             0000009C
CMIE                              00000006
CMIF                              00000006
CREN                              00000004
CSRC                              00000007
CVR0                              00000000
CVR1                              00000001
CVR2                              00000002
CVR3                              00000003
CVRCON                            0000009D
CVREN                             00000007
CVROE                             00000006
CVRR                              00000005
D                                 00000005
DATA_ADDRESS                      00000005
DC                                00000001
D_A                               00000005
EEADR                             0000010D
EEADRH                            0000010F
EECON1                            0000018C
EECON2                            0000018D
EEDATA                            0000010C
EEDATH                            0000010E
EEIE                              00000004
EEIF                              00000004
EEPGD                             00000007
F                                 00000001
FERR                              00000002
FSR                               00000004
GCEN                              00000007
GIE                               00000007
GO                                00000002
GO_DONE                           00000002
I2C_DATA                          00000005
I2C_READ                          00000002
I2C_START                         00000003
I2C_STOP                          00000004
INDF                              00000000
INICIO                            00000001
INTCON                            0000000B
INTE                              00000004
INTEDG                            00000006
INTF                              00000001
IRP                               00000007
MAIN                              00000006
NOT_A                             00000005
NOT_ADDRESS                       00000005
NOT_BO                            00000000
NOT_BOR                           00000000
NOT_DONE                          00000002
NOT_PD                            00000003
MPASM  5.34                       REGADOR.ASM   12-16-2009  22:22:51         PAGE  5


SYMBOL TABLE
  LABEL                             VALUE 

NOT_POR                           00000001
NOT_RBPU                          00000007
NOT_RC8                           00000006
NOT_T1SYNC                        00000002
NOT_TO                            00000004
NOT_TX8                           00000006
NOT_W                             00000002
NOT_WRITE                         00000002
OERR                              00000001
OPTION_REG                        00000081
P                                 00000004
PCFG0                             00000000
PCFG1                             00000001
PCFG2                             00000002
PCFG3                             00000003
PCL                               00000002
PCLATH                            0000000A
PCON                              0000008E
PEIE                              00000006
PEN                               00000002
PIE1                              0000008C
PIE2                              0000008D
PIR1                              0000000C
PIR2                              0000000D
PORTA                             00000005
PORTB                             00000006
PORTC                             00000007
PR2                               00000092
PS0                               00000000
PS1                               00000001
PS2                               00000002
PSA                               00000003
R                                 00000002
RBIE                              00000003
RBIF                              00000000
RC8_9                             00000006
RC9                               00000006
RCD8                              00000000
RCEN                              00000003
RCIE                              00000005
RCIF                              00000005
RCREG                             0000001A
RCSTA                             00000018
RD                                00000000
READ_WRITE                        00000002
RP0                               00000005
RP1                               00000006
RSEN                              00000001
RX9                               00000006
RX9D                              00000000
R_W                               00000002
S                                 00000003
SEN                               00000000
MPASM  5.34                       REGADOR.ASM   12-16-2009  22:22:51         PAGE  6


SYMBOL TABLE
  LABEL                             VALUE 

SMP                               00000007
SPBRG                             00000099
SPEN                              00000007
SREN                              00000005
SSPADD                            00000093
SSPBUF                            00000013
SSPCON                            00000014
SSPCON2                           00000091
SSPEN                             00000005
SSPIE                             00000003
SSPIF                             00000003
SSPM0                             00000000
SSPM1                             00000001
SSPM2                             00000002
SSPM3                             00000003
SSPOV                             00000006
SSPSTAT                           00000094
STATUS                            00000003
SYNC                              00000004
T0CS                              00000005
T0IE                              00000005
T0IF                              00000002
T0SE                              00000004
T1CKPS0                           00000004
T1CKPS1                           00000005
T1CON                             00000010
T1INSYNC                          00000002
T1OSCEN                           00000003
T1SYNC                            00000002
T2CKPS0                           00000000
T2CKPS1                           00000001
T2CON                             00000012
TMR0                              00000001
TMR0IE                            00000005
TMR0IF                            00000002
TMR1CS                            00000001
TMR1H                             0000000F
TMR1IE                            00000000
TMR1IF                            00000000
TMR1L                             0000000E
TMR1ON                            00000000
TMR2                              00000011
TMR2IE                            00000001
TMR2IF                            00000001
TMR2ON                            00000002
TOUTPS0                           00000003
TOUTPS1                           00000004
TOUTPS2                           00000005
TOUTPS3                           00000006
TRISA                             00000085
TRISB                             00000086
TRISC                             00000087
TRMT                              00000001
MPASM  5.34                       REGADOR.ASM   12-16-2009  22:22:51         PAGE  7


SYMBOL TABLE
  LABEL                             VALUE 

TX8_9                             00000006
TX9                               00000006
TX9D                              00000000
TXD8                              00000000
TXEN                              00000005
TXIE                              00000004
TXIF                              00000004
TXREG                             00000019
TXSTA                             00000098
UA                                00000001
W                                 00000000
WCOL                              00000007
WR                                00000001
WREN                              00000002
WRERR                             00000003
Z                                 00000002
_BODEN_OFF                        00003FBF
_BODEN_ON                         00003FFF
_CPD_OFF                          00003FFF
_CPD_ON                           00003EFF
_CP_ALL                           00001FFF
_CP_OFF                           00003FFF
_DEBUG_OFF                        00003FFF
_DEBUG_ON                         000037FF
_HS_OSC                           00003FFE
_LP_OSC                           00003FFC
_LVP_OFF                          00003F7F
_LVP_ON                           00003FFF
_PWRTE_OFF                        00003FFF
_PWRTE_ON                         00003FF7
_RC_OSC                           00003FFF
_WDT_OFF                          00003FFB
_WDT_ON                           00003FFF
_WRT_1FOURTH                      00003BFF
_WRT_256                          00003DFF
_WRT_HALF                         000039FF
_WRT_OFF                          00003FFF
_XT_OSC                           00003FFD
__16F873A                         00000001
__DEBUG                           1
decremento0                       00000020
decremento1                       00000021
decremento2                       00000022
decremento3                       00000023
looop0                            00000022
looop1                            00000020
looop2                            0000001E
looop3                            0000001C
loop0                             00000010
loop1                             0000000E
loop2                             0000000C
loop3                             0000000A

MPASM  5.34                       REGADOR.ASM   12-16-2009  22:22:51         PAGE  8





Errors   :     0
Warnings :     0 reported,     0 suppressed
Messages :     3 reported,     0 suppressed

