MPASM  5.34                  APLICADA III.ASM   12-22-2009  16:47:34         PAGE  1


LOC  OBJECT CODE     LINE SOURCE TEXT
  VALUE

                      00001  #include <p16f84a.inc> 
                      00001         LIST
                      00002 ; P16F84A.INC  Standard Header File, Version 2.00    Microchip Technology, Inc.
                      00134         LIST
                      00002 
                      00003         CBLOCK 0X20
  00000020            00004         inc_dec
  00000021            00005         vari
  00000022            00006         vari1
                      00007         ENDC
                      00008 
                      00009         ORG     0x0
0000   2???           00010         goto    INICIO
                      00011         
                      00012         ORG 0x4
                      00013 
0004   188B           00014         btfsc   INTCON,1
0005   2???           00015         goto arriba
                      00016                 
0006   1C0B           00017         btfss   INTCON,0; testeo el cambio de estado de RB7
0007   0009           00018         retfie
0008   0806           00019         movf    PORTB,0
0009   00A1           00020         movwf   vari
000A   1FA1           00021         btfss   vari,7
000B   0000           00022         nop
000C   1C22           00023         btfss   vari1,0
000D   2???           00024         goto    abajo
000E   01A1           00025         clrf    vari
000F   01A2           00026         clrf    vari1
0010   100B           00027         bcf             INTCON,RBIF ; borro la bandera de RB7 por soft
0011   0009           00028         retfie
                      00029         
                      00030         
0012                  00031 INICIO
0012   3000           00032         movlw   0x00
0013   00A2           00033         movwf   vari1
0014   3000           00034         movlw   0x00
0015   00A1           00035         movwf   vari
0016   1683           00036         bsf             STATUS,RP0      ;Me ubico en el banco 1 de la memoria
0017   3000           00037         movlw   b'00000'
Message[302]: Register in operand not in bank 0.  Ensure that bank bits are correct.
0018   0085           00038         movwf   TRISA           ;PUERTO COMO SALIDA
0019   3081           00039         movlw   b'10000001'
Message[302]: Register in operand not in bank 0.  Ensure that bank bits are correct.
001A   0086           00040         movwf   TRISB           ; Entradas RB0 y RB7. Resto COMO SALIDA
001B   30C0           00041         movlw   b'11000000' ;Flanco de RB0 como ascendente
Message[302]: Register in operand not in bank 0.  Ensure that bank bits are correct.
001C   0081           00042         movwf   OPTION_REG
001D   1283           00043         bcf             STATUS,RP0
001E   3098           00044         movlw   b'10011000'; habilito interrupciones globales y perisfericos, RB0, y RB4-RB7
001F   008B           00045         movwf   INTCON
0020   3008           00046         movlw   b'01000'; seteo al puerto A como 01000 para que el motor arranque parado.
0021   00A0           00047         movwf   inc_dec
MPASM  5.34                  APLICADA III.ASM   12-22-2009  16:47:34         PAGE  2


LOC  OBJECT CODE     LINE SOURCE TEXT
  VALUE

0022   0820           00048         movf    inc_dec,0
0023   0085           00049         movwf   PORTA
0024   0186           00050         clrf    PORTB
                      00051 
                      00052 
                      00053 
0025                  00054 MAIN
0025   0064           00055         clrwdt
0026   01A1           00056         clrf    vari    
0027   2???           00057         goto MAIN
                      00058 
0028                  00059 arriba
0028   108B           00060         bcf             INTCON,INTF     ; borro la bandera de RB0 por soft
0029   3011           00061         movlw   b'10001'
002A   0720           00062         addwf   inc_dec,0
002B   1883           00063         btfsc   STATUS,1                ; se pasa para arriba de 1111
002C   2???           00064         goto    desTxMax
002D   1186           00065         bcf             PORTB,3                 ; Deshabilita transmición
002E   1106           00066         bcf             PORTB,2                 ;Led Min
002F   0AA0           00067         incf    inc_dec,1
0030   0820           00068         movf    inc_dec,0
0031   0085           00069         movwf   PORTA
0032   0009           00070         retfie
                      00071 
0033                  00072 abajo
0033   100B           00073         bcf             INTCON,RBIF     ; borro la bandera de RB7 por soft
0034   300F           00074         movlw   b'01111'
0035   0520           00075         andwf   inc_dec,0
0036   1903           00076         btfsc   STATUS,Z                ; si se pasa para abajo de 0000
0037   2???           00077         goto    desTxMin
0038   1186           00078         bcf             PORTB,3                 ; Deshabilita transmición
0039   1086           00079         bcf             PORTB,1 
003A   1C22           00080         btfss   vari1,0                 ;Led Max
003B   03A0           00081         decf    inc_dec,1
003C   0820           00082         movf    inc_dec,0
003D   0085           00083         movwf   PORTA
003E   3001           00084         movlw   0x01
003F   00A2           00085         movwf   vari1
0040   0009           00086         retfie
0041                  00087 desTxMax
0041   1586           00088         bsf             PORTB,3                 ; Deshabilita transmición
0042   1486           00089         bsf             PORTB,1                 ; Led Max
0043   0009           00090         retfie
0044                  00091 desTxMin
0044   1586           00092         bsf             PORTB,3                 ; Deshabilita transmición
0045   1506           00093         bsf             PORTB,2                 ; Led Min
                      00094         
0046   0009           00095         retfie
                      00096 
                      00097         END
MPASM  5.34                  APLICADA III.ASM   12-22-2009  16:47:34         PAGE  3


SYMBOL TABLE
  LABEL                             VALUE 

C                                 00000000
DC                                00000001
EEADR                             00000009
EECON1                            00000088
EECON2                            00000089
EEDATA                            00000008
EEIE                              00000006
EEIF                              00000004
F                                 00000001
FSR                               00000004
GIE                               00000007
INDF                              00000000
INICIO                            00000012
INTCON                            0000000B
INTE                              00000004
INTEDG                            00000006
INTF                              00000001
IRP                               00000007
MAIN                              00000025
NOT_PD                            00000003
NOT_RBPU                          00000007
NOT_TO                            00000004
OPTION_REG                        00000081
PCL                               00000002
PCLATH                            0000000A
PORTA                             00000005
PORTB                             00000006
PS0                               00000000
PS1                               00000001
PS2                               00000002
PSA                               00000003
RBIE                              00000003
RBIF                              00000000
RD                                00000000
RP0                               00000005
RP1                               00000006
STATUS                            00000003
T0CS                              00000005
T0IE                              00000005
T0IF                              00000002
T0SE                              00000004
TMR0                              00000001
TRISA                             00000085
TRISB                             00000086
W                                 00000000
WR                                00000001
WREN                              00000002
WRERR                             00000003
Z                                 00000002
_CP_OFF                           00003FFF
_CP_ON                            0000000F
_HS_OSC                           00003FFE
_LP_OSC                           00003FFC
MPASM  5.34                  APLICADA III.ASM   12-22-2009  16:47:34         PAGE  4


SYMBOL TABLE
  LABEL                             VALUE 

_PWRTE_OFF                        00003FFF
_PWRTE_ON                         00003FF7
_RC_OSC                           00003FFF
_WDT_OFF                          00003FFB
_WDT_ON                           00003FFF
_XT_OSC                           00003FFD
__16F84A                          00000001
__DEBUG                           1
abajo                             00000033
arriba                            00000028
desTxMax                          00000041
desTxMin                          00000044
inc_dec                           00000020
vari                              00000021
vari1                             00000022

Errors   :     0
Warnings :     0 reported,     0 suppressed
Messages :     3 reported,     0 suppressed

