MPASM  5.34                     FINAL_ROB.ASM   12-16-2009  22:58:59         PAGE  1


LOC  OBJECT CODE     LINE SOURCE TEXT
  VALUE

                      00001 #include <p16f627.inc> 
                      00001         LIST
                      00002 ; P16F627.INC  Standard Header File, Version 1.01    Microchip Technology, Inc.
                      00261         LIST
                      00002 
Warning[205]: Found directive in column 1. (CBLOCK)
                      00003 CBLOCK 0X20
  00000020            00004         decremento0
  00000021            00005         decremento1
  00000022            00006         decremento2
  00000023            00007         decremento3
                      00008 
  00000024            00009         decremento4
  00000025            00010         decremento5
  00000026            00011         decremento6
  00000027            00012         decremento7
                      00013         ENDC
                      00014 
                      00015         ORG     0x0
0000   2???           00016         goto    INICIO
                      00017         ORG 0x4
0004   1C8B           00018         btfss   INTCON,1
0005   0009           00019         retfie
0006   0A85           00020         incf    PORTA,1
0007   110B           00021         bcf             INTCON,2
0008   0009           00022         retfie
                      00023         
0009                  00024 INICIO
                      00025 
0009   1683           00026         bsf     STATUS,RP0      ;Me ubico en el banco 1 de la memoria
Message[302]: Register in operand not in bank 0.  Ensure that bank bits are correct.
000A   0185           00027         clrf    TRISA           ;PUERTO COMO SALIDA
Message[302]: Register in operand not in bank 0.  Ensure that bank bits are correct.
000B   0186           00028         clrf    TRISB           ;PUERTO COMO SALIDA
000C   3040           00029         movlw   b'01000000'
Message[302]: Register in operand not in bank 0.  Ensure that bank bits are correct.
000D   0081           00030         movwf   OPTION_REG
000E   1283           00031         bcf             STATUS,RP0;  
                      00032     ;EL TIMER 0 VA EN EL BANCO 0
000F   160B           00033         bsf             INTCON,4
0010   158B           00034         bsf             INTCON,3                ; capacitores de 15pf para 100Khz
0011   178B           00035         bsf             INTCON,7
                      00036         ;bsf            INTCON,5
                      00037         ;movlw  .0              ;seteo el timer 0
                      00038         ;movwf  TMR0
                      00039                 
                      00040 
                      00041 
0012                  00042 MAIN
0012   0064           00043         clrwdt
0013   2???           00044         GOTO MAIN
                      00045         END
MPASM  5.34                     FINAL_ROB.ASM   12-16-2009  22:58:59         PAGE  2


SYMBOL TABLE
  LABEL                             VALUE 

ADEN                              00000003
BRGH                              00000002
C                                 00000000
C1INV                             00000004
C1OUT                             00000006
C2INV                             00000005
C2OUT                             00000007
CCP1CON                           00000017
CCP1IE                            00000002
CCP1IF                            00000002
CCP1M0                            00000000
CCP1M1                            00000001
CCP1M2                            00000002
CCP1M3                            00000003
CCP1X                             00000005
CCP1Y                             00000004
CCPR1H                            00000016
CCPR1L                            00000015
CIS                               00000003
CM0                               00000000
CM1                               00000001
CM2                               00000002
CMCON                             0000001F
CMIE                              00000006
CMIF                              00000006
CREN                              00000004
CSRC                              00000007
DC                                00000001
EEADR                             0000009B
EECON1                            0000009C
EECON2                            0000009D
EEDATA                            0000009A
EEIE                              00000007
EEIF                              00000007
F                                 00000001
FERR                              00000002
FSR                               00000004
GIE                               00000007
INDF                              00000000
INICIO                            00000009
INTCON                            0000000B
INTE                              00000004
INTEDG                            00000006
INTF                              00000001
IRP                               00000007
MAIN                              00000012
NOT_BO                            00000000
NOT_BOD                           00000000
NOT_BOR                           00000000
NOT_PD                            00000003
NOT_POR                           00000001
NOT_RBPU                          00000007
NOT_T1SYNC                        00000002
MPASM  5.34                     FINAL_ROB.ASM   12-16-2009  22:58:59         PAGE  3


SYMBOL TABLE
  LABEL                             VALUE 

NOT_TO                            00000004
OERR                              00000001
OPTION_REG                        00000081
OSCF                              00000003
PCL                               00000002
PCLATH                            0000000A
PCON                              0000008E
PEIE                              00000006
PIE1                              0000008C
PIR1                              0000000C
PORTA                             00000005
PORTB                             00000006
PR2                               00000092
PS0                               00000000
PS1                               00000001
PS2                               00000002
PSA                               00000003
RBIE                              00000003
RBIF                              00000000
RCIE                              00000005
RCIF                              00000005
RCREG                             0000001A
RCSTA                             00000018
RD                                00000000
RP0                               00000005
RP1                               00000006
RX9                               00000006
RX9D                              00000000
SPBRG                             00000099
SPEN                              00000007
SREN                              00000005
STATUS                            00000003
SYNC                              00000004
T0CS                              00000005
T0IE                              00000005
T0IF                              00000002
T0SE                              00000004
T1CKPS0                           00000004
T1CKPS1                           00000005
T1CON                             00000010
T1OSCEN                           00000003
T2CKPS0                           00000000
T2CKPS1                           00000001
T2CON                             00000012
TMR0                              00000001
TMR1CS                            00000001
TMR1H                             0000000F
TMR1IE                            00000000
TMR1IF                            00000000
TMR1L                             0000000E
TMR1ON                            00000000
TMR2                              00000011
TMR2IE                            00000001
MPASM  5.34                     FINAL_ROB.ASM   12-16-2009  22:58:59         PAGE  4


SYMBOL TABLE
  LABEL                             VALUE 

TMR2IF                            00000001
TMR2ON                            00000002
TOUTPS0                           00000003
TOUTPS1                           00000004
TOUTPS2                           00000005
TOUTPS3                           00000006
TRISA                             00000085
TRISB                             00000086
TRMT                              00000001
TX9                               00000006
TX9D                              00000000
TXEN                              00000005
TXIE                              00000004
TXIF                              00000004
TXREG                             00000019
TXSTA                             00000098
VR0                               00000000
VR1                               00000001
VR2                               00000002
VR3                               00000003
VRCON                             0000009F
VREN                              00000007
VROE                              00000006
VRR                               00000005
W                                 00000000
WR                                00000001
WREN                              00000002
WRERR                             00000003
Z                                 00000002
_BODEN_OFF                        00003FBF
_BODEN_ON                         00003FFF
_CP_50                            00002BFF
_CP_75                            000017FF
_CP_ALL                           000003FF
_CP_OFF                           00003FFF
_DATA_CP_OFF                      00003FFF
_DATA_CP_ON                       00003EFF
_ER_OSC_CLKOUT                    00003FFF
_ER_OSC_NOCLKOUT                  00003FFE
_EXTCLK_OSC                       00003FEF
_HS_OSC                           00003FEE
_INTRC_OSC_CLKOUT                 00003FFD
_INTRC_OSC_NOCLKOUT               00003FFC
_LP_OSC                           00003FEC
_LVP_OFF                          00003F7F
_LVP_ON                           00003FFF
_MCLRE_OFF                        00003FDF
_MCLRE_ON                         00003FFF
_PWRTE_OFF                        00003FFF
_PWRTE_ON                         00003FF7
_WDT_OFF                          00003FFB
_WDT_ON                           00003FFF
_XT_OSC                           00003FED
MPASM  5.34                     FINAL_ROB.ASM   12-16-2009  22:58:59         PAGE  5


SYMBOL TABLE
  LABEL                             VALUE 

__16F627                          00000001
__DEBUG                           1
decremento0                       00000020
decremento1                       00000021
decremento2                       00000022
decremento3                       00000023
decremento4                       00000024
decremento5                       00000025
decremento6                       00000026
decremento7                       00000027

Errors   :     0
Warnings :     1 reported,     0 suppressed
Messages :     3 reported,     0 suppressed

